#
# There is insufficient memory for the Java Runtime Environment to continue.
# Native memory allocation (malloc) failed to allocate 826576 bytes for Chunk::new
# Possible reasons:
#   The system is out of physical RAM or swap space
#   The process is running with CompressedOops enabled, and the Java Heap may be blocking the growth of the native heap
# Possible solutions:
#   Reduce memory load on the system
#   Increase physical memory or swap space
#   Check if swap backing store is full
#   Decrease Java heap size (-Xmx/-Xms)
#   Decrease number of Java threads
#   Decrease Java thread stack sizes (-Xss)
#   Set larger code cache with -XX:ReservedCodeCacheSize=
#   JVM is running with Unscaled Compressed Oops mode in which the Java heap is
#     placed in the first 4GB address space. The Java Heap base address is the
#     maximum limit for the native heap growth. Please use -XX:HeapBaseMinAddress
#     to set the Java Heap base and to place the Java Heap above 4GB virtual address.
# This output file may be truncated or incomplete.
#
#  Out of Memory Error (allocation.cpp:390), pid=13200, tid=0x0000000000001d8c
#
# JRE version: Java(TM) SE Runtime Environment (8.0_201-b09) (build 1.8.0_201-b09)
# Java VM: Java HotSpot(TM) 64-Bit Server VM (25.201-b09 mixed mode windows-amd64 compressed oops)
# Failed to write core dump. Minidumps are not enabled by default on client versions of Windows
#

---------------  T H R E A D  ---------------

Current thread (0x000000001811d800):  JavaThread "C2 CompilerThread0" daemon [_thread_in_native, id=7564, stack(0x0000000018a00000,0x0000000018b00000)]

Stack: [0x0000000018a00000,0x0000000018b00000]
[error occurred during error reporting (printing stack bounds), id 0xc0000005]

Native frames: (J=compiled Java code, j=interpreted, Vv=VM code, C=native code)


Current CompileTask:
C2:157635068 19983   !   4       org.eclipse.osgi.internal.weaving.WeavingHookConfigurator::processClass (245 bytes)


---------------  P R O C E S S  ---------------

Java Threads: ( => current thread )
  0x000000001c982000 JavaThread "Framework stop" [_thread_blocked, id=5280, stack(0x000000005c210000,0x000000005c310000)]
  0x000000001c977800 JavaThread "Worker-34" [_thread_blocked, id=15960, stack(0x0000000055160000,0x0000000055260000)]
  0x000000001c979800 JavaThread "Worker-32" [_thread_blocked, id=18708, stack(0x0000000048da0000,0x0000000048ea0000)]
  0x000000001c97a800 JavaThread "RxNewThreadScheduler-13" daemon [_thread_blocked, id=864, stack(0x00000000488a0000,0x00000000489a0000)]
  0x000000001c97e000 JavaThread "RxNewThreadScheduler-12" daemon [_thread_blocked, id=16852, stack(0x0000000046fa0000,0x00000000470a0000)]
  0x000000001f8a4800 JavaThread "RxNewThreadScheduler-11" daemon [_thread_blocked, id=16320, stack(0x0000000045ca0000,0x0000000045da0000)]
  0x000000001c985000 JavaThread "RxNewThreadScheduler-10" daemon [_thread_blocked, id=3140, stack(0x0000000044da0000,0x0000000044ea0000)]
  0x000000001f8a5000 JavaThread "RxNewThreadScheduler-9" daemon [_thread_blocked, id=19164, stack(0x00000000419a0000,0x0000000041aa0000)]
  0x000000001f8a7800 JavaThread "RxNewThreadScheduler-8" daemon [_thread_blocked, id=8952, stack(0x0000000040ba0000,0x0000000040ca0000)]
  0x000000001f8a2000 JavaThread "RxNewThreadScheduler-7" daemon [_thread_blocked, id=7200, stack(0x000000003fba0000,0x000000003fca0000)]
  0x000000001f8a8000 JavaThread "RxNewThreadScheduler-6" daemon [_thread_blocked, id=8936, stack(0x000000003eca0000,0x000000003eda0000)]
  0x000000001c983800 JavaThread "RxNewThreadScheduler-5" daemon [_thread_blocked, id=1196, stack(0x000000003d0a0000,0x000000003d1a0000)]
  0x000000001c981000 JavaThread "RxNewThreadScheduler-4" daemon [_thread_blocked, id=9116, stack(0x000000003b5a0000,0x000000003b6a0000)]
  0x000000001c985800 JavaThread "RxNewThreadScheduler-3" daemon [_thread_blocked, id=9612, stack(0x000000003a3a0000,0x000000003a4a0000)]
  0x000000001c97c000 JavaThread "RxNewThreadScheduler-2" daemon [_thread_blocked, id=1656, stack(0x00000000387a0000,0x00000000388a0000)]
  0x000000001c979000 JavaThread "RxNewThreadScheduler-1" daemon [_thread_blocked, id=12788, stack(0x00000000379a0000,0x0000000037aa0000)]
  0x000000001c978000 JavaThread "RxCachedWorkerPoolEvictor-1" daemon [_thread_blocked, id=16720, stack(0x00000000378a0000,0x00000000379a0000)]
  0x000000001c97f000 JavaThread "RxSchedulerPurge-1" daemon [_thread_blocked, id=14688, stack(0x00000000377a0000,0x00000000378a0000)]
  0x000000001c976800 JavaThread "Java Debug Server" daemon [_thread_in_native, id=11568, stack(0x00000000375a0000,0x00000000376a0000)]
  0x0000000019d49000 JavaThread "pool-1-thread-1" [_thread_in_native, id=4564, stack(0x000000001e950000,0x000000001ea50000)]
  0x0000000019d8f000 JavaThread "pool-2-thread-1" [_thread_blocked, id=16812, stack(0x000000001d460000,0x000000001d560000)]
  0x00000000193a6800 JavaThread "Bundle File Closer" daemon [_thread_blocked, id=17268, stack(0x000000001bd90000,0x000000001be90000)]
  0x0000000019fac000 JavaThread "Java indexing" daemon [_thread_blocked, id=15072, stack(0x000000001bc90000,0x000000001bd90000)]
  0x0000000018124800 JavaThread "Worker-JM" [_thread_blocked, id=15968, stack(0x000000001b390000,0x000000001b490000)]
  0x000000001969c800 JavaThread "Start Level: Equinox Container: c0cc9ce0-e256-4294-9a13-8e8292f02685" daemon [_thread_blocked, id=7228, stack(0x000000001ad50000,0x000000001ae50000)]
  0x000000001944c800 JavaThread "Framework Event Dispatcher: Equinox Container: c0cc9ce0-e256-4294-9a13-8e8292f02685" daemon [_thread_blocked, id=16400, stack(0x000000001ac50000,0x000000001ad50000)]
  0x0000000019417000 JavaThread "Active Thread: Equinox Container: c0cc9ce0-e256-4294-9a13-8e8292f02685" [_thread_blocked, id=17732, stack(0x000000001ab50000,0x000000001ac50000)]
  0x0000000018198800 JavaThread "Service Thread" daemon [_thread_blocked, id=10732, stack(0x0000000018d00000,0x0000000018e00000)]
  0x0000000018123800 JavaThread "C1 CompilerThread2" daemon [_thread_blocked, id=19256, stack(0x0000000018c00000,0x0000000018d00000)]
  0x000000001811e000 JavaThread "C2 CompilerThread1" daemon [_thread_blocked, id=14976, stack(0x0000000018b00000,0x0000000018c00000)]
=>0x000000001811d800 JavaThread "C2 CompilerThread0" daemon [_thread_in_native, id=7564, stack(0x0000000018a00000,0x0000000018b00000)]
  0x000000001811c800 JavaThread "Attach Listener" daemon [_thread_blocked, id=11300, stack(0x0000000018900000,0x0000000018a00000)]
  0x0000000018114000 JavaThread "Signal Dispatcher" daemon [_thread_blocked, id=16932, stack(0x0000000018800000,0x0000000018900000)]
  0x0000000018112800 JavaThread "Surrogate Locker Thread (Concurrent GC)" daemon [_thread_blocked, id=11256, stack(0x0000000018700000,0x0000000018800000)]
  0x00000000180a9000 JavaThread "Finalizer" daemon [_thread_blocked, id=15364, stack(0x0000000018510000,0x0000000018610000)]
  0x00000000180a4000 JavaThread "Reference Handler" daemon [_thread_blocked, id=19116, stack(0x0000000018410000,0x0000000018510000)]
  0x00000000022f2800 JavaThread "main" [_thread_blocked, id=16712, stack(0x00000000021f0000,0x00000000022f0000)]

Other Threads:
  0x000000001809e800 VMThread [stack: 0x0000000017e30000,0x0000000017f30000] [id=1212]
  0x000000001818c000 WatcherThread [stack: 0x0000000018e00000,0x0000000018f00000] [id=17204]

VM state:not at safepoint (normal execution)

VM Mutex/Monitor currently owned by a thread: None

heap address: 0x00000000c0000000, size: 1024 MB, Compressed Oops mode: 32-bit
Narrow klass base: 0x0000000000000000, Narrow klass shift: 3
Compressed class space size: 1073741824 Address: 0x0000000100000000

Heap:
 garbage-first heap   total 201728K, used 68929K [0x00000000c0000000, 0x00000000c0100628, 0x0000000100000000)
  region size 1024K, 3 young (3072K), 0 survivors (0K)
 Metaspace       used 64141K, capacity 67202K, committed 67536K, reserved 1110016K
  class space    used 6158K, capacity 7104K, committed 7120K, reserved 1048576K

Heap Regions: (Y=young(eden), SU=young(survivor), HS=humongous(starts), HC=humongous(continues), CS=collection set, F=free, TS=gc time stamp, PTAMS=previous top-at-mark-start, NTAMS=next top-at-mark-start)
AC   0  O    TS     0 PTAMS 0x00000000c0000000 NTAMS 0x00000000c0000000 space 1024K,  99% used [0x00000000c0000000, 0x00000000c0100000)
AC   0  O    TS     0 PTAMS 0x00000000c0100000 NTAMS 0x00000000c0100000 space 1024K,  99% used [0x00000000c0100000, 0x00000000c0200000)
AC   0  O    TS     0 PTAMS 0x00000000c0200000 NTAMS 0x00000000c0200000 space 1024K, 100% used [0x00000000c0200000, 0x00000000c0300000)
AC   0 HS    TS     0 PTAMS 0x00000000c0300000 NTAMS 0x00000000c0300000 space 1024K,  50% used [0x00000000c0300000, 0x00000000c0400000)
AC   0  O    TS     0 PTAMS 0x00000000c0400000 NTAMS 0x00000000c0400000 space 1024K,  99% used [0x00000000c0400000, 0x00000000c0500000)
AC   0  O    TS     0 PTAMS 0x00000000c0500000 NTAMS 0x00000000c0500000 space 1024K,  99% used [0x00000000c0500000, 0x00000000c0600000)
AC   0  O    TS     0 PTAMS 0x00000000c0600000 NTAMS 0x00000000c0600000 space 1024K,  99% used [0x00000000c0600000, 0x00000000c0700000)
AC   0  O    TS     0 PTAMS 0x00000000c0700000 NTAMS 0x00000000c0700000 space 1024K, 100% used [0x00000000c0700000, 0x00000000c0800000)
AC   0  O    TS     0 PTAMS 0x00000000c0800000 NTAMS 0x00000000c0800000 space 1024K, 100% used [0x00000000c0800000, 0x00000000c0900000)
AC   0  O    TS     0 PTAMS 0x00000000c0900000 NTAMS 0x00000000c0900000 space 1024K, 100% used [0x00000000c0900000, 0x00000000c0a00000)
AC   0  O    TS     0 PTAMS 0x00000000c0a00000 NTAMS 0x00000000c0a00000 space 1024K,  99% used [0x00000000c0a00000, 0x00000000c0b00000)
AC   0  O    TS     0 PTAMS 0x00000000c0b00000 NTAMS 0x00000000c0b00000 space 1024K,  99% used [0x00000000c0b00000, 0x00000000c0c00000)
AC   0  O    TS     0 PTAMS 0x00000000c0c00000 NTAMS 0x00000000c0c00000 space 1024K,  99% used [0x00000000c0c00000, 0x00000000c0d00000)
AC   0  O    TS     0 PTAMS 0x00000000c0d00000 NTAMS 0x00000000c0d00000 space 1024K, 100% used [0x00000000c0d00000, 0x00000000c0e00000)
AC   0  O    TS     0 PTAMS 0x00000000c0e00000 NTAMS 0x00000000c0e00000 space 1024K, 100% used [0x00000000c0e00000, 0x00000000c0f00000)
AC   0  O    TS     0 PTAMS 0x00000000c0f00000 NTAMS 0x00000000c0f00000 space 1024K, 100% used [0x00000000c0f00000, 0x00000000c1000000)
AC   0  O    TS     0 PTAMS 0x00000000c1000000 NTAMS 0x00000000c1000000 space 1024K,  99% used [0x00000000c1000000, 0x00000000c1100000)
AC   0  O    TS     0 PTAMS 0x00000000c1100000 NTAMS 0x00000000c1100000 space 1024K,  99% used [0x00000000c1100000, 0x00000000c1200000)
AC   0  O    TS     0 PTAMS 0x00000000c1200000 NTAMS 0x00000000c1200000 space 1024K,  98% used [0x00000000c1200000, 0x00000000c1300000)
AC   0  O    TS     0 PTAMS 0x00000000c1300000 NTAMS 0x00000000c1300000 space 1024K,  99% used [0x00000000c1300000, 0x00000000c1400000)
AC   0  O    TS     0 PTAMS 0x00000000c1400000 NTAMS 0x00000000c1400000 space 1024K,  99% used [0x00000000c1400000, 0x00000000c1500000)
AC   0  O    TS     0 PTAMS 0x00000000c1500000 NTAMS 0x00000000c1500000 space 1024K,  99% used [0x00000000c1500000, 0x00000000c1600000)
AC   0  O    TS     0 PTAMS 0x00000000c1600000 NTAMS 0x00000000c1600000 space 1024K,  99% used [0x00000000c1600000, 0x00000000c1700000)
AC   0  O    TS     0 PTAMS 0x00000000c1700000 NTAMS 0x00000000c1700000 space 1024K,  99% used [0x00000000c1700000, 0x00000000c1800000)
AC   0  O    TS     0 PTAMS 0x00000000c1800000 NTAMS 0x00000000c1800000 space 1024K,  99% used [0x00000000c1800000, 0x00000000c1900000)
AC   0  O    TS     0 PTAMS 0x00000000c1900000 NTAMS 0x00000000c1900000 space 1024K,  99% used [0x00000000c1900000, 0x00000000c1a00000)
AC   0  O    TS     0 PTAMS 0x00000000c1a00000 NTAMS 0x00000000c1a00000 space 1024K, 100% used [0x00000000c1a00000, 0x00000000c1b00000)
AC   0  O    TS     0 PTAMS 0x00000000c1b00000 NTAMS 0x00000000c1b00000 space 1024K, 100% used [0x00000000c1b00000, 0x00000000c1c00000)
AC   0  O    TS     0 PTAMS 0x00000000c1c00000 NTAMS 0x00000000c1c00000 space 1024K,  99% used [0x00000000c1c00000, 0x00000000c1d00000)
AC   0  O    TS     0 PTAMS 0x00000000c1d00000 NTAMS 0x00000000c1d00000 space 1024K, 100% used [0x00000000c1d00000, 0x00000000c1e00000)
AC   0  O    TS     0 PTAMS 0x00000000c1e00000 NTAMS 0x00000000c1e00000 space 1024K, 100% used [0x00000000c1e00000, 0x00000000c1f00000)
AC   0  O    TS     0 PTAMS 0x00000000c1f00000 NTAMS 0x00000000c1f00000 space 1024K,  99% used [0x00000000c1f00000, 0x00000000c2000000)
AC   0  O    TS     0 PTAMS 0x00000000c2000000 NTAMS 0x00000000c2000000 space 1024K, 100% used [0x00000000c2000000, 0x00000000c2100000)
AC   0  O    TS     0 PTAMS 0x00000000c2100000 NTAMS 0x00000000c2100000 space 1024K,  99% used [0x00000000c2100000, 0x00000000c2200000)
AC   0  O    TS     0 PTAMS 0x00000000c2200000 NTAMS 0x00000000c2200000 space 1024K, 100% used [0x00000000c2200000, 0x00000000c2300000)
AC   0  O    TS     0 PTAMS 0x00000000c2300000 NTAMS 0x00000000c2300000 space 1024K,  99% used [0x00000000c2300000, 0x00000000c2400000)
AC   0  O    TS     0 PTAMS 0x00000000c2400000 NTAMS 0x00000000c2400000 space 1024K, 100% used [0x00000000c2400000, 0x00000000c2500000)
AC   0  O    TS     0 PTAMS 0x00000000c2500000 NTAMS 0x00000000c2500000 space 1024K,  99% used [0x00000000c2500000, 0x00000000c2600000)
AC   0  O    TS     0 PTAMS 0x00000000c2600000 NTAMS 0x00000000c2600000 space 1024K, 100% used [0x00000000c2600000, 0x00000000c2700000)
AC   0  O    TS     0 PTAMS 0x00000000c2700000 NTAMS 0x00000000c2700000 space 1024K,  99% used [0x00000000c2700000, 0x00000000c2800000)
AC   0  O    TS     0 PTAMS 0x00000000c2800000 NTAMS 0x00000000c2800000 space 1024K, 100% used [0x00000000c2800000, 0x00000000c2900000)
AC   0  O    TS     0 PTAMS 0x00000000c2900000 NTAMS 0x00000000c2900000 space 1024K,  99% used [0x00000000c2900000, 0x00000000c2a00000)
AC   0  O    TS     0 PTAMS 0x00000000c2a00000 NTAMS 0x00000000c2a00000 space 1024K,  99% used [0x00000000c2a00000, 0x00000000c2b00000)
AC   0  O    TS     0 PTAMS 0x00000000c2b00000 NTAMS 0x00000000c2b00000 space 1024K,  99% used [0x00000000c2b00000, 0x00000000c2c00000)
AC   0  O    TS     0 PTAMS 0x00000000c2c00000 NTAMS 0x00000000c2c00000 space 1024K, 100% used [0x00000000c2c00000, 0x00000000c2d00000)
AC   0  O    TS     0 PTAMS 0x00000000c2d00000 NTAMS 0x00000000c2d00000 space 1024K,  99% used [0x00000000c2d00000, 0x00000000c2e00000)
AC   0  O    TS     0 PTAMS 0x00000000c2e00000 NTAMS 0x00000000c2e00000 space 1024K,  99% used [0x00000000c2e00000, 0x00000000c2f00000)
AC   0  O    TS     0 PTAMS 0x00000000c2f00000 NTAMS 0x00000000c2f00000 space 1024K,  99% used [0x00000000c2f00000, 0x00000000c3000000)
AC   0  O    TS     0 PTAMS 0x00000000c3000000 NTAMS 0x00000000c3000000 space 1024K,  99% used [0x00000000c3000000, 0x00000000c3100000)
AC   0  O    TS     0 PTAMS 0x00000000c3100000 NTAMS 0x00000000c3100000 space 1024K,  99% used [0x00000000c3100000, 0x00000000c3200000)
AC   0  O    TS     0 PTAMS 0x00000000c3200000 NTAMS 0x00000000c3200000 space 1024K,  99% used [0x00000000c3200000, 0x00000000c3300000)
AC   0  O    TS     0 PTAMS 0x00000000c3300000 NTAMS 0x00000000c3300000 space 1024K,  99% used [0x00000000c3300000, 0x00000000c3400000)
AC   0  O    TS     0 PTAMS 0x00000000c3400000 NTAMS 0x00000000c3400000 space 1024K,  99% used [0x00000000c3400000, 0x00000000c3500000)
AC   0  O    TS     0 PTAMS 0x00000000c3500000 NTAMS 0x00000000c3500000 space 1024K,  99% used [0x00000000c3500000, 0x00000000c3600000)
AC   0  O    TS     0 PTAMS 0x00000000c3600000 NTAMS 0x00000000c3600000 space 1024K,  99% used [0x00000000c3600000, 0x00000000c3700000)
AC   0  O    TS     0 PTAMS 0x00000000c3700000 NTAMS 0x00000000c3700000 space 1024K,  99% used [0x00000000c3700000, 0x00000000c3800000)
AC   0  O    TS     0 PTAMS 0x00000000c3800000 NTAMS 0x00000000c3800000 space 1024K, 100% used [0x00000000c3800000, 0x00000000c3900000)
AC   0  O    TS     0 PTAMS 0x00000000c3900000 NTAMS 0x00000000c3900000 space 1024K, 100% used [0x00000000c3900000, 0x00000000c3a00000)
AC   0  O    TS     0 PTAMS 0x00000000c3a00000 NTAMS 0x00000000c3a00000 space 1024K,  93% used [0x00000000c3a00000, 0x00000000c3b00000)
AC   0  O    TS     0 PTAMS 0x00000000c3b00000 NTAMS 0x00000000c3b00000 space 1024K,  98% used [0x00000000c3b00000, 0x00000000c3c00000)
AC   0  O    TS     0 PTAMS 0x00000000c3c00000 NTAMS 0x00000000c3c00000 space 1024K,  99% used [0x00000000c3c00000, 0x00000000c3d00000)
AC   0  O    TS     0 PTAMS 0x00000000c3d00000 NTAMS 0x00000000c3d00000 space 1024K,  99% used [0x00000000c3d00000, 0x00000000c3e00000)
AC   0  O    TS     0 PTAMS 0x00000000c3e00000 NTAMS 0x00000000c3e00000 space 1024K,  99% used [0x00000000c3e00000, 0x00000000c3f00000)
AC   0  O    TS     0 PTAMS 0x00000000c3f00000 NTAMS 0x00000000c3f00000 space 1024K,  99% used [0x00000000c3f00000, 0x00000000c4000000)
AC   0  O    TS     0 PTAMS 0x00000000c4000000 NTAMS 0x00000000c4000000 space 1024K,  99% used [0x00000000c4000000, 0x00000000c4100000)
AC   0  O    TS     0 PTAMS 0x00000000c4100000 NTAMS 0x00000000c4100000 space 1024K,  19% used [0x00000000c4100000, 0x00000000c4200000)
AC   0 HS    TS     0 PTAMS 0x00000000c4200000 NTAMS 0x00000000c4200000 space 1024K,  72% used [0x00000000c4200000, 0x00000000c4300000)
AC   0  F    TS     0 PTAMS 0x00000000c4300000 NTAMS 0x00000000c4300000 space 1024K,   0% used [0x00000000c4300000, 0x00000000c4400000)
AC   0  F    TS     0 PTAMS 0x00000000c4400000 NTAMS 0x00000000c4400000 space 1024K,   0% used [0x00000000c4400000, 0x00000000c4500000)
AC   0  F    TS     0 PTAMS 0x00000000c4500000 NTAMS 0x00000000c4500000 space 1024K,   0% used [0x00000000c4500000, 0x00000000c4600000)
AC   0  F    TS     0 PTAMS 0x00000000c4600000 NTAMS 0x00000000c4600000 space 1024K,   0% used [0x00000000c4600000, 0x00000000c4700000)
AC   0  F    TS     0 PTAMS 0x00000000c4700000 NTAMS 0x00000000c4700000 space 1024K,   0% used [0x00000000c4700000, 0x00000000c4800000)
AC   0  F    TS     0 PTAMS 0x00000000c4800000 NTAMS 0x00000000c4800000 space 1024K,   0% used [0x00000000c4800000, 0x00000000c4900000)
AC   0  F    TS     0 PTAMS 0x00000000c4900000 NTAMS 0x00000000c4900000 space 1024K,   0% used [0x00000000c4900000, 0x00000000c4a00000)
AC   0  F    TS     0 PTAMS 0x00000000c4a00000 NTAMS 0x00000000c4a00000 space 1024K,   0% used [0x00000000c4a00000, 0x00000000c4b00000)
AC   0  F    TS     0 PTAMS 0x00000000c4b00000 NTAMS 0x00000000c4b00000 space 1024K,   0% used [0x00000000c4b00000, 0x00000000c4c00000)
AC   0  F    TS     0 PTAMS 0x00000000c4c00000 NTAMS 0x00000000c4c00000 space 1024K,   0% used [0x00000000c4c00000, 0x00000000c4d00000)
AC   0  F    TS     0 PTAMS 0x00000000c4d00000 NTAMS 0x00000000c4d00000 space 1024K,   0% used [0x00000000c4d00000, 0x00000000c4e00000)
AC   0  F    TS     0 PTAMS 0x00000000c4e00000 NTAMS 0x00000000c4e00000 space 1024K,   0% used [0x00000000c4e00000, 0x00000000c4f00000)
AC   0  F    TS     0 PTAMS 0x00000000c4f00000 NTAMS 0x00000000c4f00000 space 1024K,   0% used [0x00000000c4f00000, 0x00000000c5000000)
AC   0  F    TS     0 PTAMS 0x00000000c5000000 NTAMS 0x00000000c5000000 space 1024K,   0% used [0x00000000c5000000, 0x00000000c5100000)
AC   0  F    TS     0 PTAMS 0x00000000c5100000 NTAMS 0x00000000c5100000 space 1024K,   0% used [0x00000000c5100000, 0x00000000c5200000)
AC   0  F    TS     0 PTAMS 0x00000000c5200000 NTAMS 0x00000000c5200000 space 1024K,   0% used [0x00000000c5200000, 0x00000000c5300000)
AC   0  F    TS     0 PTAMS 0x00000000c5300000 NTAMS 0x00000000c5300000 space 1024K,   0% used [0x00000000c5300000, 0x00000000c5400000)
AC   0  F    TS     0 PTAMS 0x00000000c5400000 NTAMS 0x00000000c5400000 space 1024K,   0% used [0x00000000c5400000, 0x00000000c5500000)
AC   0  F    TS     0 PTAMS 0x00000000c5500000 NTAMS 0x00000000c5500000 space 1024K,   0% used [0x00000000c5500000, 0x00000000c5600000)
AC   0  F    TS     0 PTAMS 0x00000000c5600000 NTAMS 0x00000000c5600000 space 1024K,   0% used [0x00000000c5600000, 0x00000000c5700000)
AC   0  F    TS     0 PTAMS 0x00000000c5700000 NTAMS 0x00000000c5700000 space 1024K,   0% used [0x00000000c5700000, 0x00000000c5800000)
AC   0  F    TS     0 PTAMS 0x00000000c5800000 NTAMS 0x00000000c5800000 space 1024K,   0% used [0x00000000c5800000, 0x00000000c5900000)
AC   0  F    TS     0 PTAMS 0x00000000c5900000 NTAMS 0x00000000c5900000 space 1024K,   0% used [0x00000000c5900000, 0x00000000c5a00000)
AC   0  F    TS     0 PTAMS 0x00000000c5a00000 NTAMS 0x00000000c5a00000 space 1024K,   0% used [0x00000000c5a00000, 0x00000000c5b00000)
AC   0  F    TS     0 PTAMS 0x00000000c5b00000 NTAMS 0x00000000c5b00000 space 1024K,   0% used [0x00000000c5b00000, 0x00000000c5c00000)
AC   0  F    TS     0 PTAMS 0x00000000c5c00000 NTAMS 0x00000000c5c00000 space 1024K,   0% used [0x00000000c5c00000, 0x00000000c5d00000)
AC   0  F    TS     0 PTAMS 0x00000000c5d00000 NTAMS 0x00000000c5d00000 space 1024K,   0% used [0x00000000c5d00000, 0x00000000c5e00000)
AC   0  F    TS     0 PTAMS 0x00000000c5e00000 NTAMS 0x00000000c5e00000 space 1024K,   0% used [0x00000000c5e00000, 0x00000000c5f00000)
AC   0  F    TS     0 PTAMS 0x00000000c5f00000 NTAMS 0x00000000c5f00000 space 1024K,   0% used [0x00000000c5f00000, 0x00000000c6000000)
AC   0  F    TS     0 PTAMS 0x00000000c6000000 NTAMS 0x00000000c6000000 space 1024K,   0% used [0x00000000c6000000, 0x00000000c6100000)
AC   0  F    TS     0 PTAMS 0x00000000c6100000 NTAMS 0x00000000c6100000 space 1024K,   0% used [0x00000000c6100000, 0x00000000c6200000)
AC   0  F    TS     0 PTAMS 0x00000000c6200000 NTAMS 0x00000000c6200000 space 1024K,   0% used [0x00000000c6200000, 0x00000000c6300000)
AC   0  F    TS     0 PTAMS 0x00000000c6300000 NTAMS 0x00000000c6300000 space 1024K,   0% used [0x00000000c6300000, 0x00000000c6400000)
AC   0  F    TS     0 PTAMS 0x00000000c6400000 NTAMS 0x00000000c6400000 space 1024K,   0% used [0x00000000c6400000, 0x00000000c6500000)
AC   0  F    TS     0 PTAMS 0x00000000c6500000 NTAMS 0x00000000c6500000 space 1024K,   0% used [0x00000000c6500000, 0x00000000c6600000)
AC   0  F    TS     0 PTAMS 0x00000000c6600000 NTAMS 0x00000000c6600000 space 1024K,   0% used [0x00000000c6600000, 0x00000000c6700000)
AC   0  F    TS     0 PTAMS 0x00000000c6700000 NTAMS 0x00000000c6700000 space 1024K,   0% used [0x00000000c6700000, 0x00000000c6800000)
AC   0  F    TS     0 PTAMS 0x00000000c6800000 NTAMS 0x00000000c6800000 space 1024K,   0% used [0x00000000c6800000, 0x00000000c6900000)
AC   0  F    TS     0 PTAMS 0x00000000c6900000 NTAMS 0x00000000c6900000 space 1024K,   0% used [0x00000000c6900000, 0x00000000c6a00000)
AC   0  F    TS     0 PTAMS 0x00000000c6a00000 NTAMS 0x00000000c6a00000 space 1024K,   0% used [0x00000000c6a00000, 0x00000000c6b00000)
AC   0  F    TS     0 PTAMS 0x00000000c6b00000 NTAMS 0x00000000c6b00000 space 1024K,   0% used [0x00000000c6b00000, 0x00000000c6c00000)
AC   0  F    TS     0 PTAMS 0x00000000c6c00000 NTAMS 0x00000000c6c00000 space 1024K,   0% used [0x00000000c6c00000, 0x00000000c6d00000)
AC   0  F    TS     0 PTAMS 0x00000000c6d00000 NTAMS 0x00000000c6d00000 space 1024K,   0% used [0x00000000c6d00000, 0x00000000c6e00000)
AC   0  F    TS     0 PTAMS 0x00000000c6e00000 NTAMS 0x00000000c6e00000 space 1024K,   0% used [0x00000000c6e00000, 0x00000000c6f00000)
AC   0  F    TS     0 PTAMS 0x00000000c6f00000 NTAMS 0x00000000c6f00000 space 1024K,   0% used [0x00000000c6f00000, 0x00000000c7000000)
AC   0  F    TS     0 PTAMS 0x00000000c7000000 NTAMS 0x00000000c7000000 space 1024K,   0% used [0x00000000c7000000, 0x00000000c7100000)
AC   0  F    TS     0 PTAMS 0x00000000c7100000 NTAMS 0x00000000c7100000 space 1024K,   0% used [0x00000000c7100000, 0x00000000c7200000)
AC   0  F    TS     0 PTAMS 0x00000000c7200000 NTAMS 0x00000000c7200000 space 1024K,   0% used [0x00000000c7200000, 0x00000000c7300000)
AC   0  F    TS     0 PTAMS 0x00000000c7300000 NTAMS 0x00000000c7300000 space 1024K,   0% used [0x00000000c7300000, 0x00000000c7400000)
AC   0  F    TS     0 PTAMS 0x00000000c7400000 NTAMS 0x00000000c7400000 space 1024K,   0% used [0x00000000c7400000, 0x00000000c7500000)
AC   0  F    TS     0 PTAMS 0x00000000c7500000 NTAMS 0x00000000c7500000 space 1024K,   0% used [0x00000000c7500000, 0x00000000c7600000)
AC   0  F    TS     0 PTAMS 0x00000000c7600000 NTAMS 0x00000000c7600000 space 1024K,   0% used [0x00000000c7600000, 0x00000000c7700000)
AC   0  F    TS     0 PTAMS 0x00000000c7700000 NTAMS 0x00000000c7700000 space 1024K,   0% used [0x00000000c7700000, 0x00000000c7800000)
AC   0  F    TS     0 PTAMS 0x00000000c7800000 NTAMS 0x00000000c7800000 space 1024K,   0% used [0x00000000c7800000, 0x00000000c7900000)
AC   0  F    TS     0 PTAMS 0x00000000c7900000 NTAMS 0x00000000c7900000 space 1024K,   0% used [0x00000000c7900000, 0x00000000c7a00000)
AC   0  F    TS     0 PTAMS 0x00000000c7a00000 NTAMS 0x00000000c7a00000 space 1024K,   0% used [0x00000000c7a00000, 0x00000000c7b00000)
AC   0  F    TS     0 PTAMS 0x00000000c7b00000 NTAMS 0x00000000c7b00000 space 1024K,   0% used [0x00000000c7b00000, 0x00000000c7c00000)
AC   0  F    TS     0 PTAMS 0x00000000c7c00000 NTAMS 0x00000000c7c00000 space 1024K,   0% used [0x00000000c7c00000, 0x00000000c7d00000)
AC   0  F    TS     0 PTAMS 0x00000000c7d00000 NTAMS 0x00000000c7d00000 space 1024K,   0% used [0x00000000c7d00000, 0x00000000c7e00000)
AC   0  F    TS     0 PTAMS 0x00000000c7e00000 NTAMS 0x00000000c7e00000 space 1024K,   0% used [0x00000000c7e00000, 0x00000000c7f00000)
AC   0  F    TS     0 PTAMS 0x00000000c7f00000 NTAMS 0x00000000c7f00000 space 1024K,   0% used [0x00000000c7f00000, 0x00000000c8000000)
AC   0  F    TS     0 PTAMS 0x00000000c8000000 NTAMS 0x00000000c8000000 space 1024K,   0% used [0x00000000c8000000, 0x00000000c8100000)
AC   0  F    TS     0 PTAMS 0x00000000c8100000 NTAMS 0x00000000c8100000 space 1024K,   0% used [0x00000000c8100000, 0x00000000c8200000)
AC   0  F    TS     0 PTAMS 0x00000000c8200000 NTAMS 0x00000000c8200000 space 1024K,   0% used [0x00000000c8200000, 0x00000000c8300000)
AC   0  F    TS     0 PTAMS 0x00000000c8300000 NTAMS 0x00000000c8300000 space 1024K,   0% used [0x00000000c8300000, 0x00000000c8400000)
AC   0  F    TS     0 PTAMS 0x00000000c8400000 NTAMS 0x00000000c8400000 space 1024K,   0% used [0x00000000c8400000, 0x00000000c8500000)
AC   0  F    TS     0 PTAMS 0x00000000c8500000 NTAMS 0x00000000c8500000 space 1024K,   0% used [0x00000000c8500000, 0x00000000c8600000)
AC   0  F    TS     0 PTAMS 0x00000000c8600000 NTAMS 0x00000000c8600000 space 1024K,   0% used [0x00000000c8600000, 0x00000000c8700000)
AC   0  F    TS     0 PTAMS 0x00000000c8700000 NTAMS 0x00000000c8700000 space 1024K,   0% used [0x00000000c8700000, 0x00000000c8800000)
AC   0  F    TS     0 PTAMS 0x00000000c8800000 NTAMS 0x00000000c8800000 space 1024K,   0% used [0x00000000c8800000, 0x00000000c8900000)
AC   0  F    TS     0 PTAMS 0x00000000c8900000 NTAMS 0x00000000c8900000 space 1024K,   0% used [0x00000000c8900000, 0x00000000c8a00000)
AC   0  F    TS     0 PTAMS 0x00000000c8a00000 NTAMS 0x00000000c8a00000 space 1024K,   0% used [0x00000000c8a00000, 0x00000000c8b00000)
AC   0  F    TS     0 PTAMS 0x00000000c8b00000 NTAMS 0x00000000c8b00000 space 1024K,   0% used [0x00000000c8b00000, 0x00000000c8c00000)
AC   0  F    TS     0 PTAMS 0x00000000c8c00000 NTAMS 0x00000000c8c00000 space 1024K,   0% used [0x00000000c8c00000, 0x00000000c8d00000)
AC   0  F    TS     0 PTAMS 0x00000000c8d00000 NTAMS 0x00000000c8d00000 space 1024K,   0% used [0x00000000c8d00000, 0x00000000c8e00000)
AC   0  F    TS     0 PTAMS 0x00000000c8e00000 NTAMS 0x00000000c8e00000 space 1024K,   0% used [0x00000000c8e00000, 0x00000000c8f00000)
AC   0  F    TS     0 PTAMS 0x00000000c8f00000 NTAMS 0x00000000c8f00000 space 1024K,   0% used [0x00000000c8f00000, 0x00000000c9000000)
AC   0  F    TS     0 PTAMS 0x00000000c9000000 NTAMS 0x00000000c9000000 space 1024K,   0% used [0x00000000c9000000, 0x00000000c9100000)
AC   0  F    TS     0 PTAMS 0x00000000c9100000 NTAMS 0x00000000c9100000 space 1024K,   0% used [0x00000000c9100000, 0x00000000c9200000)
AC   0  F    TS     0 PTAMS 0x00000000c9200000 NTAMS 0x00000000c9200000 space 1024K,   0% used [0x00000000c9200000, 0x00000000c9300000)
AC   0  F    TS     0 PTAMS 0x00000000c9300000 NTAMS 0x00000000c9300000 space 1024K,   0% used [0x00000000c9300000, 0x00000000c9400000)
AC   0  F    TS     0 PTAMS 0x00000000c9400000 NTAMS 0x00000000c9400000 space 1024K,   0% used [0x00000000c9400000, 0x00000000c9500000)
AC   0  F    TS     0 PTAMS 0x00000000c9500000 NTAMS 0x00000000c9500000 space 1024K,   0% used [0x00000000c9500000, 0x00000000c9600000)
AC   0  F    TS     0 PTAMS 0x00000000c9600000 NTAMS 0x00000000c9600000 space 1024K,   0% used [0x00000000c9600000, 0x00000000c9700000)
AC   0  F    TS     0 PTAMS 0x00000000c9700000 NTAMS 0x00000000c9700000 space 1024K,   0% used [0x00000000c9700000, 0x00000000c9800000)
AC   0  F    TS     0 PTAMS 0x00000000c9800000 NTAMS 0x00000000c9800000 space 1024K,   0% used [0x00000000c9800000, 0x00000000c9900000)
AC   0  F    TS     0 PTAMS 0x00000000c9900000 NTAMS 0x00000000c9900000 space 1024K,   0% used [0x00000000c9900000, 0x00000000c9a00000)
AC   0  F    TS     0 PTAMS 0x00000000c9a00000 NTAMS 0x00000000c9a00000 space 1024K,   0% used [0x00000000c9a00000, 0x00000000c9b00000)
AC   0  F    TS     0 PTAMS 0x00000000c9b00000 NTAMS 0x00000000c9b00000 space 1024K,   0% used [0x00000000c9b00000, 0x00000000c9c00000)
AC   0  F    TS     0 PTAMS 0x00000000c9c00000 NTAMS 0x00000000c9c00000 space 1024K,   0% used [0x00000000c9c00000, 0x00000000c9d00000)
AC   0  F    TS     0 PTAMS 0x00000000c9d00000 NTAMS 0x00000000c9d00000 space 1024K,   0% used [0x00000000c9d00000, 0x00000000c9e00000)
AC   0  F    TS     0 PTAMS 0x00000000c9e00000 NTAMS 0x00000000c9e00000 space 1024K,   0% used [0x00000000c9e00000, 0x00000000c9f00000)
AC   0  F    TS     0 PTAMS 0x00000000c9f00000 NTAMS 0x00000000c9f00000 space 1024K,   0% used [0x00000000c9f00000, 0x00000000ca000000)
AC   0  F    TS     0 PTAMS 0x00000000ca000000 NTAMS 0x00000000ca000000 space 1024K,   0% used [0x00000000ca000000, 0x00000000ca100000)
AC   0  F    TS     0 PTAMS 0x00000000ca100000 NTAMS 0x00000000ca100000 space 1024K,   0% used [0x00000000ca100000, 0x00000000ca200000)
AC   0  F    TS     0 PTAMS 0x00000000ca200000 NTAMS 0x00000000ca200000 space 1024K,   0% used [0x00000000ca200000, 0x00000000ca300000)
AC   0  F    TS     0 PTAMS 0x00000000ca300000 NTAMS 0x00000000ca300000 space 1024K,   0% used [0x00000000ca300000, 0x00000000ca400000)
AC   0  F    TS     0 PTAMS 0x00000000ca400000 NTAMS 0x00000000ca400000 space 1024K,   0% used [0x00000000ca400000, 0x00000000ca500000)
AC   0  F    TS     0 PTAMS 0x00000000ca500000 NTAMS 0x00000000ca500000 space 1024K,   0% used [0x00000000ca500000, 0x00000000ca600000)
AC   0  F    TS     0 PTAMS 0x00000000ca600000 NTAMS 0x00000000ca600000 space 1024K,   0% used [0x00000000ca600000, 0x00000000ca700000)
AC   0  F    TS     0 PTAMS 0x00000000ca700000 NTAMS 0x00000000ca700000 space 1024K,   0% used [0x00000000ca700000, 0x00000000ca800000)
AC   0  F    TS     0 PTAMS 0x00000000ca800000 NTAMS 0x00000000ca800000 space 1024K,   0% used [0x00000000ca800000, 0x00000000ca900000)
AC   0  F    TS     0 PTAMS 0x00000000ca900000 NTAMS 0x00000000ca900000 space 1024K,   0% used [0x00000000ca900000, 0x00000000caa00000)
AC   0  F    TS     0 PTAMS 0x00000000caa00000 NTAMS 0x00000000caa00000 space 1024K,   0% used [0x00000000caa00000, 0x00000000cab00000)
AC   0  F    TS     0 PTAMS 0x00000000cab00000 NTAMS 0x00000000cab00000 space 1024K,   0% used [0x00000000cab00000, 0x00000000cac00000)
AC   0  F    TS     0 PTAMS 0x00000000cac00000 NTAMS 0x00000000cac00000 space 1024K,   0% used [0x00000000cac00000, 0x00000000cad00000)
AC   0  F    TS     0 PTAMS 0x00000000cad00000 NTAMS 0x00000000cad00000 space 1024K,   0% used [0x00000000cad00000, 0x00000000cae00000)
AC   0  F    TS     0 PTAMS 0x00000000cae00000 NTAMS 0x00000000cae00000 space 1024K,   0% used [0x00000000cae00000, 0x00000000caf00000)
AC   0  F    TS     0 PTAMS 0x00000000caf00000 NTAMS 0x00000000caf00000 space 1024K,   0% used [0x00000000caf00000, 0x00000000cb000000)
AC   0  F    TS     0 PTAMS 0x00000000cb000000 NTAMS 0x00000000cb000000 space 1024K,   0% used [0x00000000cb000000, 0x00000000cb100000)
AC   0  F    TS     0 PTAMS 0x00000000cb100000 NTAMS 0x00000000cb100000 space 1024K,   0% used [0x00000000cb100000, 0x00000000cb200000)
AC   0  F    TS     0 PTAMS 0x00000000cb200000 NTAMS 0x00000000cb200000 space 1024K,   0% used [0x00000000cb200000, 0x00000000cb300000)
AC   0  F    TS     0 PTAMS 0x00000000cb300000 NTAMS 0x00000000cb300000 space 1024K,   0% used [0x00000000cb300000, 0x00000000cb400000)
AC   0  F    TS     0 PTAMS 0x00000000cb400000 NTAMS 0x00000000cb400000 space 1024K,   0% used [0x00000000cb400000, 0x00000000cb500000)
AC   0  F    TS     0 PTAMS 0x00000000cb500000 NTAMS 0x00000000cb500000 space 1024K,   0% used [0x00000000cb500000, 0x00000000cb600000)
AC   0  F    TS     0 PTAMS 0x00000000cb600000 NTAMS 0x00000000cb600000 space 1024K,   0% used [0x00000000cb600000, 0x00000000cb700000)
AC   0  F    TS     0 PTAMS 0x00000000cb700000 NTAMS 0x00000000cb700000 space 1024K,   0% used [0x00000000cb700000, 0x00000000cb800000)
AC   0  F    TS     0 PTAMS 0x00000000cb800000 NTAMS 0x00000000cb800000 space 1024K,   0% used [0x00000000cb800000, 0x00000000cb900000)
AC   0  F    TS     0 PTAMS 0x00000000cb900000 NTAMS 0x00000000cb900000 space 1024K,   0% used [0x00000000cb900000, 0x00000000cba00000)
AC   0  F    TS     0 PTAMS 0x00000000cba00000 NTAMS 0x00000000cba00000 space 1024K,   0% used [0x00000000cba00000, 0x00000000cbb00000)
AC   0  F    TS     0 PTAMS 0x00000000cbb00000 NTAMS 0x00000000cbb00000 space 1024K,   0% used [0x00000000cbb00000, 0x00000000cbc00000)
AC   0  F    TS     0 PTAMS 0x00000000cbc00000 NTAMS 0x00000000cbc00000 space 1024K,   0% used [0x00000000cbc00000, 0x00000000cbd00000)
AC   0  F    TS     0 PTAMS 0x00000000cbd00000 NTAMS 0x00000000cbd00000 space 1024K,   0% used [0x00000000cbd00000, 0x00000000cbe00000)
AC   0  F    TS     0 PTAMS 0x00000000cbe00000 NTAMS 0x00000000cbe00000 space 1024K,   0% used [0x00000000cbe00000, 0x00000000cbf00000)
AC   0  F    TS     0 PTAMS 0x00000000cbf00000 NTAMS 0x00000000cbf00000 space 1024K,   0% used [0x00000000cbf00000, 0x00000000cc000000)
AC   0  F    TS     0 PTAMS 0x00000000cc000000 NTAMS 0x00000000cc000000 space 1024K,   0% used [0x00000000cc000000, 0x00000000cc100000)
AC   0  F    TS     0 PTAMS 0x00000000cc100000 NTAMS 0x00000000cc100000 space 1024K,   0% used [0x00000000cc100000, 0x00000000cc200000)
AC   0  E    TS     0 PTAMS 0x00000000cc200000 NTAMS 0x00000000cc200000 space 1024K,   8% used [0x00000000cc200000, 0x00000000cc300000)
AC   0  E CS TS     0 PTAMS 0x00000000cc300000 NTAMS 0x00000000cc300000 space 1024K, 100% used [0x00000000cc300000, 0x00000000cc400000)
AC   0  E CS TS     0 PTAMS 0x00000000cc400000 NTAMS 0x00000000cc400000 space 1024K, 100% used [0x00000000cc400000, 0x00000000cc500000)

Card table byte_map: [0x00000000128f0000,0x0000000012af0000] byte_map_base: 0x00000000122f0000

Marking Bits (Prev, Next): (CMBitMap*) 0x0000000002327dc8, (CMBitMap*) 0x0000000002327e20
 Prev Bits: [0x0000000012cf0000, 0x0000000013cf0000)
 Next Bits: [0x0000000013cf0000, 0x0000000014cf0000)

Polling page: 0x0000000002180000

CodeCache: size=245760Kb used=53363Kb max_used=53789Kb free=192396Kb
 bounds [0x00000000023f0000, 0x00000000058f0000, 0x00000000113f0000]
 total_blobs=13933 nmethods=13279 adapters=560
 compilation: enabled

Compilation events (10 events):
Event: 157634.944 Thread 0x0000000018123800 nmethod 19979 0x0000000003f684d0 code [0x0000000003f68620, 0x0000000003f687d0]
Event: 157634.948 Thread 0x0000000018123800 19980   !   3       org.eclipse.osgi.storage.BundleInfo$Generation::getDomain (86 bytes)
Event: 157634.950 Thread 0x0000000018123800 nmethod 19980 0x0000000003bd9950 code [0x0000000003bd9b40, 0x0000000003bda608]
Event: 157634.952 Thread 0x000000001811d800 19981   !   4       org.eclipse.osgi.internal.loader.ModuleClassLoader::publicGetPackage (18 bytes)
Event: 157634.952 Thread 0x000000001811e000 19982       4       org.eclipse.osgi.internal.weaving.WovenClassImpl::<init> (80 bytes)
Event: 157634.955 Thread 0x000000001811d800 nmethod 19981 0x000000000417b110 code [0x000000000417b260, 0x000000000417b588]
Event: 157634.957 Thread 0x000000001811d800 19983   !   4       org.eclipse.osgi.internal.weaving.WeavingHookConfigurator::processClass (245 bytes)
Event: 157634.988 Thread 0x000000001811e000 nmethod 19982 0x0000000004cbe910 code [0x0000000004cbea80, 0x0000000004cbf918]
Event: 157634.990 Thread 0x000000001811e000 19984       4       org.eclipse.osgi.container.Module::checkValid (25 bytes)
Event: 157634.991 Thread 0x000000001811e000 nmethod 19984 0x0000000003bd9690 code [0x0000000003bd97e0, 0x0000000003bd9878]

GC Heap History (10 events):
Event: 157592.960 GC heap before
{Heap before GC invocations=6061 (full 5693):
 garbage-first heap   total 201728K, used 66881K [0x00000000c0000000, 0x00000000c0100628, 0x0000000100000000)
  region size 1024K, 1 young (1024K), 0 survivors (0K)
 Metaspace       used 64058K, capacity 67100K, committed 67280K, reserved 1110016K
  class space    used 6139K, capacity 7071K, committed 7120K, reserved 1048576K
Event: 157593.204 GC heap after
Heap after GC invocations=6062 (full 5694):
 garbage-first heap   total 201728K, used 66881K [0x00000000c0000000, 0x00000000c0100628, 0x0000000100000000)
  region size 1024K, 0 young (0K), 0 survivors (0K)
 Metaspace       used 64058K, capacity 67100K, committed 67280K, reserved 1110016K
  class space    used 6139K, capacity 7071K, committed 7120K, reserved 1048576K
}
Event: 157603.396 GC heap before
{Heap before GC invocations=6062 (full 5694):
 garbage-first heap   total 201728K, used 66881K [0x00000000c0000000, 0x00000000c0100628, 0x0000000100000000)
  region size 1024K, 1 young (1024K), 0 survivors (0K)
 Metaspace       used 64058K, capacity 67100K, committed 67280K, reserved 1110016K
  class space    used 6139K, capacity 7071K, committed 7120K, reserved 1048576K
Event: 157603.655 GC heap after
Heap after GC invocations=6063 (full 5695):
 garbage-first heap   total 201728K, used 66881K [0x00000000c0000000, 0x00000000c0100628, 0x0000000100000000)
  region size 1024K, 0 young (0K), 0 survivors (0K)
 Metaspace       used 64058K, capacity 67100K, committed 67280K, reserved 1110016K
  class space    used 6139K, capacity 7071K, committed 7120K, reserved 1048576K
}
Event: 157613.841 GC heap before
{Heap before GC invocations=6063 (full 5695):
 garbage-first heap   total 201728K, used 66881K [0x00000000c0000000, 0x00000000c0100628, 0x0000000100000000)
  region size 1024K, 1 young (1024K), 0 survivors (0K)
 Metaspace       used 64058K, capacity 67100K, committed 67280K, reserved 1110016K
  class space    used 6139K, capacity 7071K, committed 7120K, reserved 1048576K
Event: 157614.083 GC heap after
Heap after GC invocations=6064 (full 5696):
 garbage-first heap   total 201728K, used 66881K [0x00000000c0000000, 0x00000000c0100628, 0x0000000100000000)
  region size 1024K, 0 young (0K), 0 survivors (0K)
 Metaspace       used 64058K, capacity 67100K, committed 67280K, reserved 1110016K
  class space    used 6139K, capacity 7071K, committed 7120K, reserved 1048576K
}
Event: 157624.258 GC heap before
{Heap before GC invocations=6064 (full 5696):
 garbage-first heap   total 201728K, used 66881K [0x00000000c0000000, 0x00000000c0100628, 0x0000000100000000)
  region size 1024K, 1 young (1024K), 0 survivors (0K)
 Metaspace       used 64058K, capacity 67100K, committed 67280K, reserved 1110016K
  class space    used 6139K, capacity 7071K, committed 7120K, reserved 1048576K
Event: 157624.506 GC heap after
Heap after GC invocations=6065 (full 5697):
 garbage-first heap   total 201728K, used 66881K [0x00000000c0000000, 0x00000000c0100628, 0x0000000100000000)
  region size 1024K, 0 young (0K), 0 survivors (0K)
 Metaspace       used 64058K, capacity 67100K, committed 67280K, reserved 1110016K
  class space    used 6139K, capacity 7071K, committed 7120K, reserved 1048576K
}
Event: 157634.555 GC heap before
{Heap before GC invocations=6065 (full 5697):
 garbage-first heap   total 201728K, used 66881K [0x00000000c0000000, 0x00000000c0100628, 0x0000000100000000)
  region size 1024K, 1 young (1024K), 0 survivors (0K)
 Metaspace       used 64058K, capacity 67100K, committed 67280K, reserved 1110016K
  class space    used 6139K, capacity 7071K, committed 7120K, reserved 1048576K
Event: 157634.803 GC heap after
Heap after GC invocations=6066 (full 5698):
 garbage-first heap   total 201728K, used 66881K [0x00000000c0000000, 0x00000000c0100628, 0x0000000100000000)
  region size 1024K, 0 young (0K), 0 survivors (0K)
 Metaspace       used 64058K, capacity 67100K, committed 67280K, reserved 1110016K
  class space    used 6139K, capacity 7071K, committed 7120K, reserved 1048576K
}

Deoptimization events (10 events):
Event: 157258.946 Thread 0x0000000019d8f000 Uncommon trap: reason=unloaded action=reinterpret pc=0x0000000003ad8150 method=java.lang.ProcessBuilder.start()Ljava/lang/Process; @ 167
Event: 157258.954 Thread 0x0000000019d8f000 Uncommon trap: reason=unloaded action=reinterpret pc=0x0000000003a0a1b4 method=org.eclipse.jdt.ls.core.internal.ParentProcessWatcher.parentProcessStillRunning()Z @ 358
Event: 157258.966 Thread 0x0000000019d8f000 Uncommon trap: reason=unstable_if action=reinterpret pc=0x0000000005483d34 method=org.eclipse.osgi.internal.log.EquinoxLogWriter.writeStack(Lorg/eclipse/osgi/framework/log/FrameworkLogEntry;)V @ 6
Event: 157258.978 Thread 0x0000000019d8f000 Uncommon trap: reason=class_check action=maybe_recompile pc=0x0000000004f4bf10 method=org.eclipse.jdt.ls.core.internal.handlers.LogHandler.processLogMessage(Lorg/eclipse/core/runtime/IStatus;)V @ 87
Event: 157634.804 Thread 0x0000000019d8f000 Uncommon trap: reason=unstable_if action=reinterpret pc=0x00000000033a77f4 method=org.eclipse.jdt.ls.core.internal.ParentProcessWatcher.run()V @ 4
Event: 157634.818 Thread 0x0000000019d8f000 Uncommon trap: reason=unstable_if action=reinterpret pc=0x0000000004399f3c method=java.util.concurrent.FutureTask.runAndReset()Z @ 78
Event: 157634.819 Thread 0x0000000019d8f000 Uncommon trap: reason=unstable_if action=reinterpret pc=0x0000000005666740 method=java.util.concurrent.locks.AbstractQueuedSynchronizer.acquireInterruptibly(I)V @ 3
Event: 157634.836 Thread 0x00000000022f2800 Uncommon trap: reason=unstable_if action=reinterpret pc=0x0000000003148ec0 method=java.lang.ref.SoftReference.get()Ljava/lang/Object; @ 6
Event: 157634.961 Thread 0x000000001c982000 Uncommon trap: reason=unstable_if action=reinterpret pc=0x0000000003842b3c method=org.eclipse.core.internal.preferences.EclipsePreferences.decodePath(Ljava/lang/String;)[Ljava/lang/String; @ 13
Event: 157634.962 Thread 0x000000001c982000 Uncommon trap: reason=unstable_if action=reinterpret pc=0x0000000004301428 method=org.eclipse.core.internal.preferences.EclipsePreferences.decodePath(Ljava/lang/String;)[Ljava/lang/String; @ 13

Classes redefined (0 events):
No events

Internal exceptions (10 events):
Event: 4698.530 Thread 0x000000001f8ac800 Exception <a 'java/lang/ClassNotFoundException': sun/net/www/protocol/jdt/Handler> (0x00000000c927ac90) thrown at [C:\re\workspace\8-2-build-windows-amd64-cygwin\jdk8u201\12322\hotspot\src\share\vm\classfile\systemDictionary.cpp, line 210]
Event: 4698.531 Thread 0x000000001f8ac800 Exception <a 'java/lang/ClassNotFoundException': sun/net/www/protocol/jdt/Handler> (0x00000000c927d788) thrown at [C:\re\workspace\8-2-build-windows-amd64-cygwin\jdk8u201\12322\hotspot\src\share\vm\classfile\systemDictionary.cpp, line 210]
Event: 4705.157 Thread 0x000000001f8a9800 Exception <a 'java/lang/ClassNotFoundException': sun/net/www/protocol/jdt/Handler> (0x00000000c9cf51c8) thrown at [C:\re\workspace\8-2-build-windows-amd64-cygwin\jdk8u201\12322\hotspot\src\share\vm\classfile\systemDictionary.cpp, line 210]
Event: 4705.158 Thread 0x000000001f8a9800 Exception <a 'java/lang/ClassNotFoundException': sun/net/www/protocol/jdt/Handler> (0x00000000c9cf7cc0) thrown at [C:\re\workspace\8-2-build-windows-amd64-cygwin\jdk8u201\12322\hotspot\src\share\vm\classfile\systemDictionary.cpp, line 210]
Event: 4723.445 Thread 0x000000001c97f800 Implicit null exception at 0x00000000030784f4 to 0x0000000003078831
Event: 4922.804 Thread 0x000000001c97a800 Implicit null exception at 0x0000000002e100bf to 0x0000000002e10b4d
Event: 10236.743 Thread 0x0000000019d49000 Implicit null exception at 0x0000000004a12836 to 0x0000000004a133a5
Event: 157258.945 Thread 0x0000000019d8f000 Exception <a 'java/io/IOException': CreateProcess error=1455, The paging file is too small for this operation to complete> (0x00000000cc4007d8) thrown at [C:\re\workspace\8-2-build-windows-amd64-cygwin\jdk8u201\12322\hotspot\src\share\vm\prims\jni.cpp, li
Event: 157634.836 Thread 0x00000000022f2800 Implicit null exception at 0x0000000003145e7c to 0x0000000003148e7d
Event: 157634.960 Thread 0x000000001c982000 Exception <a 'java/io/FileNotFoundException'> (0x00000000cc3c8a90) thrown at [C:\re\workspace\8-2-build-windows-amd64-cygwin\jdk8u201\12322\hotspot\src\share\vm\prims\jni.cpp, line 709]

Events (10 events):
Event: 157634.928 Executing VM operation: RevokeBias done
Event: 157634.941 Thread 0x0000000018123800 flushing nmethod 0x0000000002804d10
Event: 157634.952 Thread 0x0000000018123800 flushing nmethod 0x0000000002ea2d50
Event: 157634.961 Thread 0x000000001c982000 Uncommon trap: trap_request=0xffffff65 fr.pc=0x0000000003842b3c
Event: 157634.961 Thread 0x000000001c982000 DEOPT PACKING pc=0x0000000003842b3c sp=0x000000005c30db40
Event: 157634.962 Thread 0x000000001c982000 DEOPT UNPACKING pc=0x000000000243583b sp=0x000000005c30dad8 mode 2
Event: 157634.962 Thread 0x000000001c982000 Uncommon trap: trap_request=0xffffff65 fr.pc=0x0000000004301428
Event: 157634.962 Thread 0x000000001c982000 DEOPT PACKING pc=0x0000000004301428 sp=0x000000005c30dac0
Event: 157634.963 Thread 0x000000001c982000 DEOPT UNPACKING pc=0x000000000243583b sp=0x000000005c30da30 mode 2
Event: 157634.991 Thread 0x000000001811e000 flushing nmethod 0x00000000033c94d0


Dynamic libraries:
0x00007ff742080000 - 0x00007ff7420b7000 	C:\Program Files\Java\jdk1.8.0_201\bin\java.exe
0x00007fff3db10000 - 0x00007fff3dcf1000 	C:\WINDOWS\SYSTEM32\ntdll.dll
0x00007fff1be40000 - 0x00007fff1be52000 	C:\Program Files\AVAST Software\Avast\aswhook.dll
0x00007fff3b4f0000 - 0x00007fff3b5a2000 	C:\WINDOWS\System32\KERNEL32.DLL
0x00007fff3a3b0000 - 0x00007fff3a623000 	C:\WINDOWS\System32\KERNELBASE.dll
0x00007fff3bfe0000 - 0x00007fff3c081000 	C:\WINDOWS\System32\ADVAPI32.dll
0x00007fff3bf40000 - 0x00007fff3bfde000 	C:\WINDOWS\System32\msvcrt.dll
0x00007fff3bdf0000 - 0x00007fff3be4b000 	C:\WINDOWS\System32\sechost.dll
0x00007fff3d570000 - 0x00007fff3d694000 	C:\WINDOWS\System32\RPCRT4.dll
0x00007fff3b7e0000 - 0x00007fff3b970000 	C:\WINDOWS\System32\USER32.dll
0x00007fff3af80000 - 0x00007fff3afa0000 	C:\WINDOWS\System32\win32u.dll
0x00007fff3d6a0000 - 0x00007fff3d6c8000 	C:\WINDOWS\System32\GDI32.dll
0x00007fff39ee0000 - 0x00007fff3a072000 	C:\WINDOWS\System32\gdi32full.dll
0x00007fff3a290000 - 0x00007fff3a32f000 	C:\WINDOWS\System32\msvcp_win.dll
0x00007fff3a190000 - 0x00007fff3a288000 	C:\WINDOWS\System32\ucrtbase.dll
0x00007fff2a740000 - 0x00007fff2a9a9000 	C:\WINDOWS\WinSxS\amd64_microsoft.windows.common-controls_6595b64144ccf1df_6.0.17134.648_none_fb45a0e93062a6d2\COMCTL32.dll
0x00007fff3d6d0000 - 0x00007fff3d9f2000 	C:\WINDOWS\System32\combase.dll
0x00007fff3a330000 - 0x00007fff3a3aa000 	C:\WINDOWS\System32\bcryptPrimitives.dll
0x00007fff3bf10000 - 0x00007fff3bf3d000 	C:\WINDOWS\System32\IMM32.DLL
0x000000005d6a0000 - 0x000000005d771000 	C:\Program Files\Java\jdk1.8.0_201\jre\bin\msvcr100.dll
0x000000005cdf0000 - 0x000000005d694000 	C:\Program Files\Java\jdk1.8.0_201\jre\bin\server\jvm.dll
0x00007fff3b4e0000 - 0x00007fff3b4e8000 	C:\WINDOWS\System32\PSAPI.DLL
0x00007fff28f60000 - 0x00007fff28f69000 	C:\WINDOWS\SYSTEM32\WSOCK32.dll
0x00007fff3bc20000 - 0x00007fff3bc8c000 	C:\WINDOWS\System32\WS2_32.dll
0x00007fff30010000 - 0x00007fff30033000 	C:\WINDOWS\SYSTEM32\WINMM.dll
0x00007fff2a9b0000 - 0x00007fff2a9ba000 	C:\WINDOWS\SYSTEM32\VERSION.dll
0x00007fff2ffe0000 - 0x00007fff3000a000 	C:\WINDOWS\SYSTEM32\WINMMBASE.dll
0x00007fff3af30000 - 0x00007fff3af79000 	C:\WINDOWS\System32\cfgmgr32.dll
0x00007fff32eb0000 - 0x00007fff32ebf000 	C:\Program Files\Java\jdk1.8.0_201\jre\bin\verify.dll
0x00007fff23830000 - 0x00007fff23859000 	C:\Program Files\Java\jdk1.8.0_201\jre\bin\java.dll
0x00007fff30040000 - 0x00007fff30056000 	C:\Program Files\Java\jdk1.8.0_201\jre\bin\zip.dll
0x00007fff3c090000 - 0x00007fff3d4d0000 	C:\WINDOWS\System32\SHELL32.dll
0x00007fff3b5b0000 - 0x00007fff3b659000 	C:\WINDOWS\System32\shcore.dll
0x00007fff3a820000 - 0x00007fff3af2d000 	C:\WINDOWS\System32\windows.storage.dll
0x00007fff3beb0000 - 0x00007fff3bf01000 	C:\WINDOWS\System32\shlwapi.dll
0x00007fff39ec0000 - 0x00007fff39ed1000 	C:\WINDOWS\System32\kernel.appcore.dll
0x00007fff39e50000 - 0x00007fff39e6f000 	C:\WINDOWS\System32\profapi.dll
0x00007fff39e70000 - 0x00007fff39ebc000 	C:\WINDOWS\System32\powrprof.dll
0x00007fff39e20000 - 0x00007fff39e2a000 	C:\WINDOWS\System32\FLTLIB.DLL
0x00007fff39860000 - 0x00007fff39877000 	C:\WINDOWS\SYSTEM32\CRYPTSP.dll
0x00007fff39240000 - 0x00007fff39273000 	C:\WINDOWS\system32\rsaenh.dll
0x00007fff39980000 - 0x00007fff399a5000 	C:\WINDOWS\SYSTEM32\bcrypt.dll
0x00007fff39d20000 - 0x00007fff39d48000 	C:\WINDOWS\SYSTEM32\USERENV.dll
0x00007fff397b0000 - 0x00007fff397bb000 	C:\WINDOWS\SYSTEM32\CRYPTBASE.dll
0x00007fff2fbe0000 - 0x00007fff2fbfa000 	C:\Program Files\Java\jdk1.8.0_201\jre\bin\net.dll
0x00007fff2c780000 - 0x00007fff2c948000 	C:\WINDOWS\SYSTEM32\urlmon.dll
0x00007fff2deb0000 - 0x00007fff2e155000 	C:\WINDOWS\SYSTEM32\iertutil.dll
0x00007fff39650000 - 0x00007fff396b6000 	C:\WINDOWS\system32\mswsock.dll
0x00007fff393e0000 - 0x00007fff39418000 	C:\WINDOWS\SYSTEM32\IPHLPAPI.DLL
0x00007fff3bc10000 - 0x00007fff3bc18000 	C:\WINDOWS\System32\NSI.dll
0x00007fff32460000 - 0x00007fff32476000 	C:\WINDOWS\SYSTEM32\dhcpcsvc6.DLL
0x00007fff32440000 - 0x00007fff3245a000 	C:\WINDOWS\SYSTEM32\dhcpcsvc.DLL
0x00007fff26960000 - 0x00007fff26971000 	C:\Program Files\Java\jdk1.8.0_201\jre\bin\nio.dll
0x00007fff22df0000 - 0x00007fff22e19000 	C:\Users\Roxana\.vscode\extensions\redhat.java-0.41.0\server\config_win\org.eclipse.equinox.launcher\org.eclipse.equinox.launcher.win32.win32.x86_64_1.1.1000.v20190125-2016\eclipse_1801.dll
0x00007fff23690000 - 0x00007fff236a1000 	C:\Users\Roxana\.vscode\extensions\redhat.java-0.41.0\server\config_win\org.eclipse.osgi\20\0\.cp\jWinHttp-1.0.0.dll
0x00007fff3bc90000 - 0x00007fff3bde1000 	C:\WINDOWS\System32\ole32.dll
0x00007fff351a0000 - 0x00007fff3527d000 	C:\WINDOWS\SYSTEM32\WINHTTP.dll
0x00007fff21700000 - 0x00007fff21724000 	C:\Program Files\Java\jdk1.8.0_201\jre\bin\sunec.dll
0x00007fff1d690000 - 0x00007fff1d6a6000 	C:\WINDOWS\system32\napinsp.dll
0x00007fff1d670000 - 0x00007fff1d68a000 	C:\WINDOWS\system32\pnrpnsp.dll
0x00007fff32ca0000 - 0x00007fff32cb9000 	C:\WINDOWS\system32\NLAapi.dll
0x00007fff39430000 - 0x00007fff394ee000 	C:\WINDOWS\SYSTEM32\DNSAPI.dll
0x00007fff1d660000 - 0x00007fff1d66e000 	C:\WINDOWS\System32\winrnr.dll
0x00007fff33080000 - 0x00007fff33095000 	C:\WINDOWS\System32\wshbth.dll
0x00007fff30770000 - 0x00007fff3077a000 	C:\Windows\System32\rasadhlp.dll
0x00007fff309a0000 - 0x00007fff30a12000 	C:\WINDOWS\System32\fwpuclnt.dll
0x00007fff377f0000 - 0x00007fff377fb000 	C:\Program Files\Java\jdk1.8.0_201\jre\bin\sunmscapi.dll
0x00007fff3a630000 - 0x00007fff3a812000 	C:\WINDOWS\System32\CRYPT32.dll
0x00007fff39e30000 - 0x00007fff39e42000 	C:\WINDOWS\System32\MSASN1.dll

VM Arguments:
jvm_args: -Declipse.application=org.eclipse.jdt.ls.core.id1 -Dosgi.bundles.defaultStartLevel=4 -Declipse.product=org.eclipse.jdt.ls.core.product -Dfile.encoding=utf8 -Xverify:none -Xmx1G -XX:+UseG1GC -XX:+UseStringDeduplication 
java_command: C:\Users\Roxana\.vscode\extensions\redhat.java-0.41.0\server\plugins\org.eclipse.equinox.launcher_1.5.300.v20190213-1655.jar -configuration C:\Users\Roxana\.vscode\extensions\redhat.java-0.41.0\server\config_win -data c:\Users\Roxana\AppData\Roaming\Code\User\workspaceStorage\c624d86c075925eb5cda5a35db7e1ffa\redhat.java\jdt_ws
java_class_path (initial): C:\Users\Roxana\.vscode\extensions\redhat.java-0.41.0\server\plugins\org.eclipse.equinox.launcher_1.5.300.v20190213-1655.jar
Launcher Type: SUN_STANDARD

Environment Variables:
JAVA_HOME=C:\Program Files\Java\jdk1.8.0_201
PATH=C:\Program Files (x86)\Common Files\Oracle\Java\javapath;C:\WINDOWS\system32;C:\WINDOWS;C:\WINDOWS\System32\Wbem;C:\WINDOWS\System32\WindowsPowerShell\v1.0\;C:\WINDOWS\System32\OpenSSH\;C:\Program Files\dotnet\;C:\Gradle\bin;C:\Program Files\Git\cmd;C:\Users\Roxana\AppData\Local\Programs\Python\Python37\Scripts\;C:\Users\Roxana\AppData\Local\Programs\Python\Python37\;C:\Users\Roxana\AppData\Local\Microsoft\WindowsApps;C:\Users\Roxana\AppData\Local\atom\bin;C:\Users\Roxana\AppData\Local\Microsoft\WindowsApps;C:\Users\Roxana\AppData\Local\GitHubDesktop\bin;C:\Users\Roxana\AppData\Local\Programs\Microsoft VS Code\bin
USERNAME=Roxana
OS=Windows_NT
PROCESSOR_IDENTIFIER=Intel64 Family 6 Model 78 Stepping 3, GenuineIntel



---------------  S Y S T E M  ---------------

OS: Windows 10.0 , 64 bit Build 17134 (10.0.17134.648)

CPU:total 4 (initial active 4) (2 cores per cpu, 2 threads per core) family 6 model 78 stepping 3, cmov, cx8, fxsr, mmx, sse, sse2, sse3, ssse3, sse4.1, sse4.2, popcnt, avx, avx2, aes, clmul, erms, 3dnowpref, lzcnt, ht, tsc, tscinvbit, bmi1, bmi2, adx

Memory: 4k page, physical 4082604k(331616k free), swap 16665516k(4164k free)

vm_info: Java HotSpot(TM) 64-Bit Server VM (25.201-b09) for windows-amd64 JRE (1.8.0_201-b09), built on Dec 15 2018 18:36:39 by "java_re" with MS VC++ 10.0 (VS2010)

time: Fri Mar 22 16:44:40 2019
timezone: W. Europe Standard Time
elapsed time: 157635 seconds (1d 19h 47m 15s)

